<?xml version="1.0" encoding="UTF-8"?>
<!-- Generated by org.testng.reporters.JUnitReportReporter -->
<testsuite hostname="5CG4310MJP" name="test.WindowsCheck" tests="1" failures="0" timestamp="14 Jun 2016 12:01:16 GMT" time="0.148" errors="0">
  <testcase name="f" time="0.148" classname="test.WindowsCheck"/>
</testsuite> <!-- test.WindowsCheck -->
