<?xml version="1.0" encoding="UTF-8"?>
<!-- Generated by org.testng.reporters.JUnitReportReporter -->
<testsuite hostname="5CG4310MJP" name="test.TestNGtest" tests="6" failures="0" timestamp="29 Jul 2016 07:05:18 GMT" time="0.006" errors="0">
  <testcase name="aSlowTest" time="0.002" classname="test.TestNGtest"/>
  <testcase name="aFastTest" time="0.001" classname="test.TestNGtest"/>
  <testcase name="aFStest" time="0.001" classname="test.TestNGtest"/>
  <testcase name="test3" time="0.001" classname="test.TestNGtest"/>
  <testcase name="test3" time="0.001" classname="test.TestNGtest"/>
  <testcase name="test2" time="0.000" classname="test.TestNGtest"/>
</testsuite> <!-- test.TestNGtest -->
