<?xml version="1.0" encoding="UTF-8"?>
<!-- Generated by org.testng.reporters.JUnitReportReporter -->
<testsuite hostname="5CG4310MJP" name="test.Annotations" tests="2" failures="0" timestamp="29 Jul 2016 07:05:18 GMT" time="0.016" errors="0">
  <testcase name="test2" time="0.001" classname="test.Annotations"/>
  <testcase name="testMethod" time="0.015" classname="test.Annotations"/>
</testsuite> <!-- test.Annotations -->
